2024-02-15 20:39:06 INFO  [dk.stonemountain.vanguard.domain.RouteInitialization] (main) The application is starting...
2024-02-15 20:39:06 INFO  [dk.stonemountain.vanguard.domain.RouteInitialization] (main) Current folder: /home/steenbjerg/workspaces/vanguard/vanguard-gateway/., Routes file ./endpoints.json exists: true
2024-02-15 20:39:06 INFO  [dk.stonemountain.vanguard.domain.RouteInitialization] (main) Initializing routes: ./endpoints.json
2024-02-15 20:39:07 INFO  [dk.stonemountain.vanguard.domain.RouteManager] (main) Json: [
    {
        "domain": "auth.stonemountain.dk",
        "services": [
            {
                "endpoints": [
                    {
                        "connectionTimeout": "PT2S",
                        "method": "GET",
                        "readTimeout": "PT5S",
                        "sse": false,
                        "ssl": true,
                        "uri": "/"
                    },
                    {
                        "connectionTimeout": "PT2S",
                        "method": "POST",
                        "readTimeout": "PT5S",
                        "sse": false,
                        "ssl": true,
                        "uri": "/"
                    }
                ],
                "host": "192.168.86.106",
                "port": 8543
            }
        ]
    },
    {
        "domain": "readings.stonemountain.dk",
        "services": [
            {
                "endpoints": [
                    {
                        "connectionTimeout": "PT2S",
                        "method": "GET",
                        "readTimeout": "PT5S",
                        "sse": false,
                        "ssl": true,
                        "uri": "/services/meter-measurements"
                    },
                    {
                        "connectionTimeout": "PT2S",
                        "method": "POST",
                        "readTimeout": "PT5S",
                        "sse": false,
                        "ssl": true,
                        "uri": "/services/meter-measurements"
                    },
                    {
                        "connectionTimeout": "PT2S",
                        "method": "GET",
                        "readTimeout": "PT5S",
                        "sse": false,
                        "ssl": true,
                        "uri": "/services/access-rights"
                    },
                    {
                        "connectionTimeout": "PT2S",
                        "method": "GET",
                        "readTimeout": "PT5S",
                        "sse": false,
                        "ssl": true,
                        "uri": "/services/devices"
                    }
                ],
                "host": "192.168.86.106",
                "port": 8443
            }
        ]
    },
    {
        "domain": "installables.stonemountain.dk",
        "services": [
            {
                "endpoints": [
                    {
                        "connectionTimeout": "PT2S",
                        "method": "GET",
                        "readTimeout": "PT5S",
                        "sse": false,
                        "ssl": true,
                        "uri": "/services/installables"
                    },
                    {
                        "connectionTimeout": "PT2S",
                        "method": "POST",
                        "readTimeout": "PT5S",
                        "sse": false,
                        "ssl": true,
                        "uri": "/services/installables"
                    },
                    {
                        "connectionTimeout": "PT2S",
                        "method": "PUT",
                        "readTimeout": "PT5S",
                        "sse": false,
                        "ssl": true,
                        "uri": "/services/installables"
                    },
                    {
                        "connectionTimeout": "PT2S",
                        "method": "DELETE",
                        "readTimeout": "PT5S",
                        "sse": false,
                        "ssl": true,
                        "uri": "/services/installables"
                    }
                ],
                "host": "192.168.86.106",
                "port": 8643
            }
        ]
    },
    {
        "domain": "stonemountain.dk",
        "services": [
            {
                "endpoints": [
                    {
                        "connectionTimeout": "PT2S",
                        "method": "GET",
                        "readTimeout": "PT5S",
                        "sse": false,
                        "ssl": true,
                        "uri": "/packages"
                    },
                    {
                        "connectionTimeout": "PT2S",
                        "method": "GET",
                        "readTimeout": "PT5S",
                        "sse": false,
                        "ssl": true,
                        "uri": "/"
                    }
                ],
                "host": "192.168.86.106",
                "port": 8743
            }
        ]
    },
    {
        "domain": "artifacts.stonemountain.dk",
        "services": [
            {
                "endpoints": [
                    {
                        "connectionTimeout": "PT2S",
                        "method": "GET",
                        "readTimeout": "PT5S",
                        "sse": false,
                        "ssl": true,
                        "uri": "/packages"
                    },
                    {
                        "connectionTimeout": "PT2S",
                        "method": "POST",
                        "readTimeout": "PT5S",
                        "sse": false,
                        "ssl": true,
                        "uri": "/packages"
                    },
                    {
                        "connectionTimeout": "PT2S",
                        "method": "GET",
                        "readTimeout": "PT5S",
                        "sse": false,
                        "ssl": true,
                        "uri": "/artifacts"
                    }
                ],
                "host": "192.168.86.106",
                "port": 8843
            }
        ]
    },
    {
        "domain": "information.stonemountain.dk",
        "services": [
            {
                "endpoints": [
                    {
                        "connectionTimeout": "PT2S",
                        "method": "GET",
                        "readTimeout": "PT5S",
                        "sse": true,
                        "ssl": true,
                        "uri": "/events/sse"
                    }
                ],
                "host": "192.168.86.106",
                "port": 8943
            }
        ]
    },
    {
        "domain": "power.stonemountain.dk",
        "services": [
            {
                "endpoints": [
                    {
                        "connectionTimeout": "PT2S",
                        "method": "GET",
                        "readTimeout": "PT5S",
                        "sse": false,
                        "ssl": true,
                        "uri": "/prices"
                    },
                    {
                        "connectionTimeout": "PT2S",
                        "method": "POST",
                        "readTimeout": "PT5S",
                        "sse": false,
                        "ssl": true,
                        "uri": "/settings"
                    },
                    {
                        "connectionTimeout": "PT2S",
                        "method": "GET",
                        "readTimeout": "PT5S",
                        "sse": false,
                        "ssl": true,
                        "uri": "/settings"
                    }
                ],
                "host": "192.168.86.106",
                "port": 9043
            }
        ]
    }
]
2024-02-15 20:39:07 INFO  [dk.stonemountain.vanguard.domain.RouteInitialization] (main) The application is stopping... Standard shutdown: true
2024-02-15 20:39:07 ERROR [io.quarkus.runtime.Application] (main) Failed to start application (with profile [prod]): java.lang.RuntimeException: Failed to start quarkus
	at io.quarkus.runner.ApplicationImpl.doStart(Unknown Source)
	at io.quarkus.runtime.Application.start(Application.java:101)
	at io.quarkus.runtime.ApplicationLifecycleManager.run(ApplicationLifecycleManager.java:111)
	at io.quarkus.runtime.Quarkus.run(Quarkus.java:71)
	at io.quarkus.runtime.Quarkus.run(Quarkus.java:44)
	at io.quarkus.runtime.Quarkus.run(Quarkus.java:124)
	at io.quarkus.runner.GeneratedMain.main(Unknown Source)
Caused by: java.nio.file.NoSuchFileException: /home/pi/house-services/stonemountain.jks
	at java.base/sun.nio.fs.UnixException.translateToIOException(UnixException.java:92)
	at java.base/sun.nio.fs.UnixException.rethrowAsIOException(UnixException.java:106)
	at java.base/sun.nio.fs.UnixException.rethrowAsIOException(UnixException.java:111)
	at java.base/sun.nio.fs.UnixFileSystemProvider.newByteChannel(UnixFileSystemProvider.java:261)
	at java.base/java.nio.file.Files.newByteChannel(Files.java:379)
	at java.base/java.nio.file.Files.newByteChannel(Files.java:431)
	at java.base/java.nio.file.spi.FileSystemProvider.newInputStream(FileSystemProvider.java:420)
	at java.base/java.nio.file.Files.newInputStream(Files.java:159)
	at io.quarkus.vertx.http.runtime.options.HttpServerOptionsUtils.getFileContent(HttpServerOptionsUtils.java:378)
	at io.quarkus.vertx.http.runtime.options.HttpServerOptionsUtils.createKeyStoreOptions(HttpServerOptionsUtils.java:358)
	at io.quarkus.vertx.http.runtime.options.HttpServerOptionsUtils.createSslOptions(HttpServerOptionsUtils.java:88)
	at io.quarkus.vertx.http.runtime.VertxHttpRecorder.initializeMainHttpServer(VertxHttpRecorder.java:666)
	at io.quarkus.vertx.http.runtime.VertxHttpRecorder.doServerStart(VertxHttpRecorder.java:755)
	at io.quarkus.vertx.http.runtime.VertxHttpRecorder.startServer(VertxHttpRecorder.java:327)
	at io.quarkus.deployment.steps.VertxHttpProcessor$openSocket189362710.deploy_0(Unknown Source)
	at io.quarkus.deployment.steps.VertxHttpProcessor$openSocket189362710.deploy(Unknown Source)
	... 7 more

